<?xml version="1.0" encoding="UTF-8"?>
<!-- Generated by org.testng.reporters.JUnitReportReporter -->
<testsuite hostname="DESKTOP-6PSOTMV" failures="0" tests="1" name="api.Post_new_001" time="1.528" errors="0" timestamp="2023-03-19T00:12:29 EDT" skipped="0">
  <testcase classname="api.Post_new_001" name="createPost" time="1.528"/>
  <system-out/>
</testsuite> <!-- api.Post_new_001 -->
