<?xml version="1.0" encoding="UTF-8"?>
<!-- Generated by org.testng.reporters.JUnitReportReporter -->
<testsuite hostname="DESKTOP-6PSOTMV" failures="0" tests="1" name="api.Get_002" time="2.338" errors="0" timestamp="2023-03-19T01:17:46 EDT" skipped="0">
  <testcase classname="api.Get_002" name="get_002" time="2.338"/>
  <system-out/>
</testsuite> <!-- api.Get_002 -->
