<?xml version="1.0" encoding="UTF-8"?>
<!-- Generated by org.testng.reporters.JUnitReportReporter -->
<testsuite hostname="DESKTOP-6PSOTMV" failures="0" tests="1" name="api.Get_001" time="2.306" errors="0" timestamp="2023-03-19T19:52:55 EDT" skipped="0">
  <testcase classname="api.Get_001" name="sample_get_001" time="2.306"/>
  <system-out/>
</testsuite> <!-- api.Get_001 -->
