<?xml version="1.0" encoding="UTF-8"?>
<!-- Generated by org.testng.reporters.JUnitReportReporter -->
<testsuite hostname="DESKTOP-6PSOTMV" failures="0" tests="1" name="api.Post_01" time="1.509" errors="0" timestamp="2023-03-19T01:21:07 EDT" skipped="0">
  <testcase classname="api.Post_01" name="create_post" time="1.509"/>
  <system-out/>
</testsuite> <!-- api.Post_01 -->
